{"/Users/radiumrocketa10/Desktop/HealthyPlus/src/components/Form/index.tsx": {"path":"/Users/radiumrocketa10/Desktop/HealthyPlus/src/components/Form/index.tsx","statementMap":{"0":{"start":{"line":10,"column":12},"end":{"line":10,"column":56}},"1":{"start":{"line":13,"column":13},"end":{"line":104,"column":1}},"2":{"start":{"line":14,"column":32},"end":{"line":14,"column":65}},"3":{"start":{"line":20,"column":6},"end":{"line":20,"column":24}},"4":{"start":{"line":22,"column":43},"end":{"line":32,"column":3}},"5":{"start":{"line":23,"column":4},"end":{"line":30,"column":5}},"6":{"start":{"line":24,"column":6},"end":{"line":27,"column":9}},"7":{"start":{"line":29,"column":6},"end":{"line":29,"column":48}},"8":{"start":{"line":31,"column":4},"end":{"line":31,"column":24}},"9":{"start":{"line":34,"column":2},"end":{"line":38,"column":24}},"10":{"start":{"line":35,"column":4},"end":{"line":35,"column":55}},"11":{"start":{"line":36,"column":4},"end":{"line":36,"column":57}},"12":{"start":{"line":37,"column":4},"end":{"line":37,"column":63}},"13":{"start":{"line":40,"column":2},"end":{"line":44,"column":41}},"14":{"start":{"line":41,"column":4},"end":{"line":43,"column":7}},"15":{"start":{"line":46,"column":2},"end":{"line":103,"column":4}},"16":{"start":{"line":55,"column":10},"end":{"line":62,"column":12}},"17":{"start":{"line":72,"column":10},"end":{"line":79,"column":12}},"18":{"start":{"line":89,"column":10},"end":{"line":96,"column":12}}},"fnMap":{"0":{"name":"(anonymous_0)","decl":{"start":{"line":13,"column":13},"end":{"line":13,"column":14}},"loc":{"start":{"line":13,"column":45},"end":{"line":104,"column":1}},"line":13},"1":{"name":"(anonymous_1)","decl":{"start":{"line":22,"column":43},"end":{"line":22,"column":44}},"loc":{"start":{"line":22,"column":51},"end":{"line":32,"column":3}},"line":22},"2":{"name":"(anonymous_2)","decl":{"start":{"line":34,"column":12},"end":{"line":34,"column":13}},"loc":{"start":{"line":34,"column":18},"end":{"line":38,"column":3}},"line":34},"3":{"name":"(anonymous_3)","decl":{"start":{"line":40,"column":24},"end":{"line":40,"column":25}},"loc":{"start":{"line":40,"column":30},"end":{"line":44,"column":3}},"line":40},"4":{"name":"(anonymous_4)","decl":{"start":{"line":54,"column":16},"end":{"line":54,"column":17}},"loc":{"start":{"line":55,"column":10},"end":{"line":62,"column":12}},"line":55},"5":{"name":"(anonymous_5)","decl":{"start":{"line":71,"column":16},"end":{"line":71,"column":17}},"loc":{"start":{"line":72,"column":10},"end":{"line":79,"column":12}},"line":72},"6":{"name":"(anonymous_6)","decl":{"start":{"line":88,"column":16},"end":{"line":88,"column":17}},"loc":{"start":{"line":89,"column":10},"end":{"line":96,"column":12}},"line":89}},"branchMap":{"0":{"loc":{"start":{"line":23,"column":4},"end":{"line":30,"column":5}},"type":"if","locations":[{"start":{"line":23,"column":4},"end":{"line":30,"column":5}},{"start":{"line":28,"column":11},"end":{"line":30,"column":5}}],"line":23},"1":{"loc":{"start":{"line":35,"column":21},"end":{"line":35,"column":53}},"type":"binary-expr","locations":[{"start":{"line":35,"column":21},"end":{"line":35,"column":47}},{"start":{"line":35,"column":51},"end":{"line":35,"column":53}}],"line":35},"2":{"loc":{"start":{"line":36,"column":22},"end":{"line":36,"column":55}},"type":"binary-expr","locations":[{"start":{"line":36,"column":22},"end":{"line":36,"column":49}},{"start":{"line":36,"column":53},"end":{"line":36,"column":55}}],"line":36},"3":{"loc":{"start":{"line":37,"column":25},"end":{"line":37,"column":61}},"type":"binary-expr","locations":[{"start":{"line":37,"column":25},"end":{"line":37,"column":55}},{"start":{"line":37,"column":59},"end":{"line":37,"column":61}}],"line":37},"4":{"loc":{"start":{"line":42,"column":13},"end":{"line":42,"column":68}},"type":"cond-expr","locations":[{"start":{"line":42,"column":36},"end":{"line":42,"column":49}},{"start":{"line":42,"column":52},"end":{"line":42,"column":68}}],"line":42}},"s":{"0":2,"1":2,"2":1,"3":1,"4":1,"5":0,"6":0,"7":0,"8":0,"9":1,"10":1,"11":1,"12":1,"13":1,"14":1,"15":1,"16":2,"17":2,"18":2},"f":{"0":1,"1":0,"2":1,"3":1,"4":2,"5":2,"6":2},"b":{"0":[0,0],"1":[1,0],"2":[1,0],"3":[1,0],"4":[1,0]},"_coverageSchema":"1a1c01bbd47fc00a2c39e90264f33305004495a9","hash":"c349ad9f8054433dfbbd8054b822ad3abb16d878"}
,"/Users/radiumrocketa10/Desktop/HealthyPlus/src/components/Form/styles.tsx": {"path":"/Users/radiumrocketa10/Desktop/HealthyPlus/src/components/Form/styles.tsx","statementMap":{"0":{"start":{"line":3,"column":15},"end":{"line":45,"column":2}}},"fnMap":{},"branchMap":{},"s":{"0":2},"f":{},"b":{},"_coverageSchema":"1a1c01bbd47fc00a2c39e90264f33305004495a9","hash":"30c156a2d6028dbdc30f7541b3be2d940795398a"}
,"/Users/radiumrocketa10/Desktop/HealthyPlus/src/components/Home/index.tsx": {"path":"/Users/radiumrocketa10/Desktop/HealthyPlus/src/components/Home/index.tsx","statementMap":{"0":{"start":{"line":9,"column":19},"end":{"line":16,"column":1}},"1":{"start":{"line":10,"column":2},"end":{"line":15,"column":4}}},"fnMap":{"0":{"name":"(anonymous_0)","decl":{"start":{"line":9,"column":19},"end":{"line":9,"column":20}},"loc":{"start":{"line":9,"column":44},"end":{"line":16,"column":1}},"line":9}},"branchMap":{},"s":{"0":2,"1":4},"f":{"0":4},"b":{},"_coverageSchema":"1a1c01bbd47fc00a2c39e90264f33305004495a9","hash":"1c19c6497ca94bc7b0be6eb047b8aa2a9cf72a6c"}
,"/Users/radiumrocketa10/Desktop/HealthyPlus/src/components/Home/styles.tsx": {"path":"/Users/radiumrocketa10/Desktop/HealthyPlus/src/components/Home/styles.tsx","statementMap":{"0":{"start":{"line":3,"column":15},"end":{"line":22,"column":2}}},"fnMap":{},"branchMap":{},"s":{"0":2},"f":{},"b":{},"_coverageSchema":"1a1c01bbd47fc00a2c39e90264f33305004495a9","hash":"aac6fc0c3b143328a846ab3c4f25ecc0229adead"}
,"/Users/radiumrocketa10/Desktop/HealthyPlus/src/components/List/index.tsx": {"path":"/Users/radiumrocketa10/Desktop/HealthyPlus/src/components/List/index.tsx","statementMap":{"0":{"start":{"line":27,"column":30},"end":{"line":103,"column":1}},"1":{"start":{"line":28,"column":32},"end":{"line":28,"column":65}},"2":{"start":{"line":30,"column":23},"end":{"line":42,"column":3}},"3":{"start":{"line":36,"column":4},"end":{"line":41,"column":7}},"4":{"start":{"line":44,"column":23},"end":{"line":46,"column":3}},"5":{"start":{"line":45,"column":4},"end":{"line":45,"column":44}},"6":{"start":{"line":48,"column":23},"end":{"line":50,"column":3}},"7":{"start":{"line":49,"column":4},"end":{"line":49,"column":38}},"8":{"start":{"line":52,"column":33},"end":{"line":76,"column":3}},"9":{"start":{"line":53,"column":4},"end":{"line":75,"column":11}},"10":{"start":{"line":64,"column":12},"end":{"line":64,"column":52}},"11":{"start":{"line":70,"column":12},"end":{"line":70,"column":29}},"12":{"start":{"line":77,"column":45},"end":{"line":84,"column":3}},"13":{"start":{"line":78,"column":4},"end":{"line":83,"column":6}},"14":{"start":{"line":86,"column":2},"end":{"line":102,"column":4}},"15":{"start":{"line":97,"column":30},"end":{"line":97,"column":48}},"16":{"start":{"line":99,"column":25},"end":{"line":99,"column":60}}},"fnMap":{"0":{"name":"(anonymous_0)","decl":{"start":{"line":27,"column":30},"end":{"line":27,"column":31}},"loc":{"start":{"line":27,"column":56},"end":{"line":103,"column":1}},"line":27},"1":{"name":"(anonymous_1)","decl":{"start":{"line":30,"column":23},"end":{"line":30,"column":24}},"loc":{"start":{"line":35,"column":7},"end":{"line":42,"column":3}},"line":35},"2":{"name":"(anonymous_2)","decl":{"start":{"line":44,"column":23},"end":{"line":44,"column":24}},"loc":{"start":{"line":44,"column":39},"end":{"line":46,"column":3}},"line":44},"3":{"name":"(anonymous_3)","decl":{"start":{"line":48,"column":23},"end":{"line":48,"column":24}},"loc":{"start":{"line":48,"column":29},"end":{"line":50,"column":3}},"line":48},"4":{"name":"(anonymous_4)","decl":{"start":{"line":52,"column":33},"end":{"line":52,"column":34}},"loc":{"start":{"line":53,"column":4},"end":{"line":75,"column":11}},"line":53},"5":{"name":"(anonymous_5)","decl":{"start":{"line":63,"column":19},"end":{"line":63,"column":20}},"loc":{"start":{"line":63,"column":25},"end":{"line":65,"column":11}},"line":63},"6":{"name":"(anonymous_6)","decl":{"start":{"line":69,"column":19},"end":{"line":69,"column":20}},"loc":{"start":{"line":69,"column":25},"end":{"line":71,"column":11}},"line":69},"7":{"name":"(anonymous_7)","decl":{"start":{"line":77,"column":45},"end":{"line":77,"column":46}},"loc":{"start":{"line":78,"column":4},"end":{"line":83,"column":6}},"line":78},"8":{"name":"(anonymous_8)","decl":{"start":{"line":97,"column":22},"end":{"line":97,"column":23}},"loc":{"start":{"line":97,"column":30},"end":{"line":97,"column":48}},"line":97},"9":{"name":"(anonymous_9)","decl":{"start":{"line":99,"column":19},"end":{"line":99,"column":20}},"loc":{"start":{"line":99,"column":25},"end":{"line":99,"column":60}},"line":99}},"branchMap":{},"s":{"0":2,"1":2,"2":2,"3":0,"4":2,"5":0,"6":2,"7":0,"8":2,"9":0,"10":0,"11":0,"12":2,"13":0,"14":2,"15":0,"16":0},"f":{"0":2,"1":0,"2":0,"3":0,"4":0,"5":0,"6":0,"7":0,"8":0,"9":0},"b":{},"_coverageSchema":"1a1c01bbd47fc00a2c39e90264f33305004495a9","hash":"41dd1121d0f717cc8f3bc3c532e80769e2a0f69b"}
,"/Users/radiumrocketa10/Desktop/HealthyPlus/src/components/List/styles.tsx": {"path":"/Users/radiumrocketa10/Desktop/HealthyPlus/src/components/List/styles.tsx","statementMap":{"0":{"start":{"line":3,"column":15},"end":{"line":64,"column":2}}},"fnMap":{},"branchMap":{},"s":{"0":2},"f":{},"b":{},"_coverageSchema":"1a1c01bbd47fc00a2c39e90264f33305004495a9","hash":"770bbdcf6d35e8ab9431584ce4d13ef7ff5a5433"}
,"/Users/radiumrocketa10/Desktop/HealthyPlus/src/components/Login/index.tsx": {"path":"/Users/radiumrocketa10/Desktop/HealthyPlus/src/components/Login/index.tsx","statementMap":{"0":{"start":{"line":10,"column":25},"end":{"line":15,"column":1}},"1":{"start":{"line":11,"column":2},"end":{"line":14,"column":16}},"2":{"start":{"line":12,"column":22},"end":{"line":12,"column":43}},"3":{"start":{"line":13,"column":4},"end":{"line":13,"column":58}},"4":{"start":{"line":27,"column":13},"end":{"line":30,"column":1}},"5":{"start":{"line":32,"column":14},"end":{"line":97,"column":1}},"6":{"start":{"line":33,"column":34},"end":{"line":38,"column":4}},"7":{"start":{"line":40,"column":19},"end":{"line":52,"column":3}},"8":{"start":{"line":41,"column":4},"end":{"line":43,"column":5}},"9":{"start":{"line":42,"column":6},"end":{"line":42,"column":59}},"10":{"start":{"line":44,"column":4},"end":{"line":46,"column":5}},"11":{"start":{"line":45,"column":6},"end":{"line":45,"column":52}},"12":{"start":{"line":47,"column":4},"end":{"line":49,"column":5}},"13":{"start":{"line":48,"column":6},"end":{"line":48,"column":56}},"14":{"start":{"line":50,"column":4},"end":{"line":50,"column":20}},"15":{"start":{"line":51,"column":4},"end":{"line":51,"column":18}},"16":{"start":{"line":54,"column":2},"end":{"line":96,"column":4}},"17":{"start":{"line":63,"column":10},"end":{"line":70,"column":12}},"18":{"start":{"line":80,"column":10},"end":{"line":87,"column":12}}},"fnMap":{"0":{"name":"(anonymous_0)","decl":{"start":{"line":10,"column":25},"end":{"line":10,"column":26}},"loc":{"start":{"line":10,"column":48},"end":{"line":15,"column":1}},"line":10},"1":{"name":"(anonymous_1)","decl":{"start":{"line":32,"column":14},"end":{"line":32,"column":15}},"loc":{"start":{"line":32,"column":53},"end":{"line":97,"column":1}},"line":32},"2":{"name":"(anonymous_2)","decl":{"start":{"line":40,"column":19},"end":{"line":40,"column":20}},"loc":{"start":{"line":40,"column":35},"end":{"line":52,"column":3}},"line":40},"3":{"name":"(anonymous_3)","decl":{"start":{"line":62,"column":16},"end":{"line":62,"column":17}},"loc":{"start":{"line":63,"column":10},"end":{"line":70,"column":12}},"line":63},"4":{"name":"(anonymous_4)","decl":{"start":{"line":79,"column":16},"end":{"line":79,"column":17}},"loc":{"start":{"line":80,"column":10},"end":{"line":87,"column":12}},"line":80}},"branchMap":{"0":{"loc":{"start":{"line":41,"column":4},"end":{"line":43,"column":5}},"type":"if","locations":[{"start":{"line":41,"column":4},"end":{"line":43,"column":5}},{"start":{},"end":{}}],"line":41},"1":{"loc":{"start":{"line":41,"column":8},"end":{"line":41,"column":68}},"type":"binary-expr","locations":[{"start":{"line":41,"column":8},"end":{"line":41,"column":33}},{"start":{"line":41,"column":37},"end":{"line":41,"column":68}}],"line":41},"2":{"loc":{"start":{"line":44,"column":4},"end":{"line":46,"column":5}},"type":"if","locations":[{"start":{"line":44,"column":4},"end":{"line":46,"column":5}},{"start":{},"end":{}}],"line":44},"3":{"loc":{"start":{"line":47,"column":4},"end":{"line":49,"column":5}},"type":"if","locations":[{"start":{"line":47,"column":4},"end":{"line":49,"column":5}},{"start":{},"end":{}}],"line":47}},"s":{"0":3,"1":1,"2":1,"3":1,"4":3,"5":3,"6":6,"7":6,"8":7,"9":2,"10":5,"11":2,"12":3,"13":2,"14":1,"15":1,"16":6,"17":22,"18":22},"f":{"0":1,"1":6,"2":7,"3":22,"4":22},"b":{"0":[2,5],"1":[7,4],"2":[2,3],"3":[2,1]},"_coverageSchema":"1a1c01bbd47fc00a2c39e90264f33305004495a9","hash":"5912c354af1c79fc27ef24df3564279237871fa3"}
,"/Users/radiumrocketa10/Desktop/HealthyPlus/src/components/Login/styles.tsx": {"path":"/Users/radiumrocketa10/Desktop/HealthyPlus/src/components/Login/styles.tsx","statementMap":{"0":{"start":{"line":3,"column":15},"end":{"line":38,"column":2}}},"fnMap":{},"branchMap":{},"s":{"0":3},"f":{},"b":{},"_coverageSchema":"1a1c01bbd47fc00a2c39e90264f33305004495a9","hash":"e1ba1f67d3b8a0ce786ae0903f27ba452820004e"}
,"/Users/radiumrocketa10/Desktop/HealthyPlus/src/components/Shared/Button/index.tsx": {"path":"/Users/radiumrocketa10/Desktop/HealthyPlus/src/components/Shared/Button/index.tsx","statementMap":{"0":{"start":{"line":11,"column":15},"end":{"line":20,"column":1}},"1":{"start":{"line":12,"column":2},"end":{"line":19,"column":4}}},"fnMap":{"0":{"name":"(anonymous_0)","decl":{"start":{"line":11,"column":15},"end":{"line":11,"column":16}},"loc":{"start":{"line":11,"column":33},"end":{"line":20,"column":1}},"line":11}},"branchMap":{},"s":{"0":4,"1":7},"f":{"0":7},"b":{},"_coverageSchema":"1a1c01bbd47fc00a2c39e90264f33305004495a9","hash":"de93068753715ffefe5a5bb38038e239594df7da"}
,"/Users/radiumrocketa10/Desktop/HealthyPlus/src/components/Shared/Button/styles.tsx": {"path":"/Users/radiumrocketa10/Desktop/HealthyPlus/src/components/Shared/Button/styles.tsx","statementMap":{"0":{"start":{"line":3,"column":15},"end":{"line":21,"column":2}}},"fnMap":{},"branchMap":{},"s":{"0":4},"f":{},"b":{},"_coverageSchema":"1a1c01bbd47fc00a2c39e90264f33305004495a9","hash":"dc68ee0a703c2762f945418e5f38d1431c9128ee"}
,"/Users/radiumrocketa10/Desktop/HealthyPlus/src/components/Shared/Input/index.tsx": {"path":"/Users/radiumrocketa10/Desktop/HealthyPlus/src/components/Shared/Input/index.tsx","statementMap":{"0":{"start":{"line":15,"column":14},"end":{"line":28,"column":1}},"1":{"start":{"line":16,"column":2},"end":{"line":27,"column":4}}},"fnMap":{"0":{"name":"(anonymous_0)","decl":{"start":{"line":15,"column":14},"end":{"line":15,"column":15}},"loc":{"start":{"line":15,"column":32},"end":{"line":28,"column":1}},"line":15}},"branchMap":{},"s":{"0":4,"1":45},"f":{"0":45},"b":{},"_coverageSchema":"1a1c01bbd47fc00a2c39e90264f33305004495a9","hash":"36d967d3facb44e07d3c1655eca475d1e1732c84"}
,"/Users/radiumrocketa10/Desktop/HealthyPlus/src/components/Shared/Input/styles.tsx": {"path":"/Users/radiumrocketa10/Desktop/HealthyPlus/src/components/Shared/Input/styles.tsx","statementMap":{"0":{"start":{"line":3,"column":15},"end":{"line":14,"column":2}}},"fnMap":{},"branchMap":{},"s":{"0":4},"f":{},"b":{},"_coverageSchema":"1a1c01bbd47fc00a2c39e90264f33305004495a9","hash":"0b16e27506b85dda9663d3571000a5817fb314a0"}
,"/Users/radiumrocketa10/Desktop/HealthyPlus/src/components/User/index.tsx": {"path":"/Users/radiumrocketa10/Desktop/HealthyPlus/src/components/User/index.tsx","statementMap":{"0":{"start":{"line":6,"column":13},"end":{"line":35,"column":1}},"1":{"start":{"line":7,"column":20},"end":{"line":7,"column":56}},"2":{"start":{"line":9,"column":2},"end":{"line":34,"column":4}},"3":{"start":{"line":15,"column":12},"end":{"line":26,"column":14}},"4":{"start":{"line":23,"column":16},"end":{"line":23,"column":27}},"5":{"start":{"line":24,"column":16},"end":{"line":24,"column":35}}},"fnMap":{"0":{"name":"(anonymous_0)","decl":{"start":{"line":6,"column":13},"end":{"line":6,"column":14}},"loc":{"start":{"line":6,"column":19},"end":{"line":35,"column":1}},"line":6},"1":{"name":"(anonymous_1)","decl":{"start":{"line":14,"column":19},"end":{"line":14,"column":20}},"loc":{"start":{"line":14,"column":31},"end":{"line":27,"column":11}},"line":14},"2":{"name":"(anonymous_2)","decl":{"start":{"line":22,"column":14},"end":{"line":22,"column":15}},"loc":{"start":{"line":22,"column":28},"end":{"line":25,"column":15}},"line":22},"3":{"name":"(anonymous_3)","decl":{"start":{"line":31,"column":45},"end":{"line":31,"column":46}},"loc":{"start":{"line":31,"column":51},"end":{"line":31,"column":53}},"line":31}},"branchMap":{},"s":{"0":1,"1":0,"2":0,"3":0,"4":0,"5":0},"f":{"0":0,"1":0,"2":0,"3":0},"b":{},"_coverageSchema":"1a1c01bbd47fc00a2c39e90264f33305004495a9","hash":"2d875f8dd800ea89db95ff672d885da7c2ec395d"}
,"/Users/radiumrocketa10/Desktop/HealthyPlus/src/components/User/styles.tsx": {"path":"/Users/radiumrocketa10/Desktop/HealthyPlus/src/components/User/styles.tsx","statementMap":{"0":{"start":{"line":3,"column":15},"end":{"line":22,"column":2}}},"fnMap":{},"branchMap":{},"s":{"0":1},"f":{},"b":{},"_coverageSchema":"1a1c01bbd47fc00a2c39e90264f33305004495a9","hash":"b0c0543a5ba3a844457a043508be170f94cdf9dd"}
,"/Users/radiumrocketa10/Desktop/HealthyPlus/src/context/index.tsx": {"path":"/Users/radiumrocketa10/Desktop/HealthyPlus/src/context/index.tsx","statementMap":{"0":{"start":{"line":6,"column":37},"end":{"line":6,"column":79}},"1":{"start":{"line":8,"column":34},"end":{"line":76,"column":1}},"2":{"start":{"line":9,"column":32},"end":{"line":9,"column":58}},"3":{"start":{"line":10,"column":32},"end":{"line":10,"column":47}},"4":{"start":{"line":12,"column":21},"end":{"line":23,"column":3}},"5":{"start":{"line":13,"column":4},"end":{"line":13,"column":21}},"6":{"start":{"line":14,"column":4},"end":{"line":22,"column":9}},"7":{"start":{"line":15,"column":30},"end":{"line":15,"column":51}},"8":{"start":{"line":17,"column":8},"end":{"line":17,"column":29}},"9":{"start":{"line":18,"column":8},"end":{"line":18,"column":26}},"10":{"start":{"line":21,"column":8},"end":{"line":21,"column":14}},"11":{"start":{"line":25,"column":2},"end":{"line":27,"column":9}},"12":{"start":{"line":26,"column":4},"end":{"line":26,"column":17}},"13":{"start":{"line":29,"column":23},"end":{"line":34,"column":3}},"14":{"start":{"line":30,"column":4},"end":{"line":33,"column":7}},"15":{"start":{"line":31,"column":6},"end":{"line":31,"column":49}},"16":{"start":{"line":32,"column":6},"end":{"line":32,"column":59}},"17":{"start":{"line":32,"column":41},"end":{"line":32,"column":57}},"18":{"start":{"line":36,"column":23},"end":{"line":47,"column":3}},"19":{"start":{"line":37,"column":4},"end":{"line":45,"column":7}},"20":{"start":{"line":40,"column":41},"end":{"line":40,"column":45}},"21":{"start":{"line":46,"column":4},"end":{"line":46,"column":47}},"22":{"start":{"line":49,"column":23},"end":{"line":61,"column":3}},"23":{"start":{"line":50,"column":4},"end":{"line":59,"column":6}},"24":{"start":{"line":52,"column":8},"end":{"line":56,"column":9}},"25":{"start":{"line":53,"column":10},"end":{"line":53,"column":31}},"26":{"start":{"line":54,"column":10},"end":{"line":54,"column":39}},"27":{"start":{"line":55,"column":10},"end":{"line":55,"column":33}},"28":{"start":{"line":57,"column":8},"end":{"line":57,"column":17}},"29":{"start":{"line":60,"column":4},"end":{"line":60,"column":47}},"30":{"start":{"line":63,"column":2},"end":{"line":75,"column":4}}},"fnMap":{"0":{"name":"(anonymous_0)","decl":{"start":{"line":8,"column":34},"end":{"line":8,"column":35}},"loc":{"start":{"line":8,"column":50},"end":{"line":76,"column":1}},"line":8},"1":{"name":"(anonymous_1)","decl":{"start":{"line":12,"column":21},"end":{"line":12,"column":22}},"loc":{"start":{"line":12,"column":27},"end":{"line":23,"column":3}},"line":12},"2":{"name":"(anonymous_2)","decl":{"start":{"line":15,"column":12},"end":{"line":15,"column":13}},"loc":{"start":{"line":15,"column":30},"end":{"line":15,"column":51}},"line":15},"3":{"name":"(anonymous_3)","decl":{"start":{"line":16,"column":12},"end":{"line":16,"column":13}},"loc":{"start":{"line":16,"column":24},"end":{"line":19,"column":7}},"line":16},"4":{"name":"(anonymous_4)","decl":{"start":{"line":20,"column":13},"end":{"line":20,"column":14}},"loc":{"start":{"line":20,"column":22},"end":{"line":22,"column":7}},"line":20},"5":{"name":"(anonymous_5)","decl":{"start":{"line":25,"column":12},"end":{"line":25,"column":13}},"loc":{"start":{"line":25,"column":18},"end":{"line":27,"column":3}},"line":25},"6":{"name":"(anonymous_6)","decl":{"start":{"line":29,"column":23},"end":{"line":29,"column":24}},"loc":{"start":{"line":29,"column":39},"end":{"line":34,"column":3}},"line":29},"7":{"name":"(anonymous_7)","decl":{"start":{"line":30,"column":15},"end":{"line":30,"column":16}},"loc":{"start":{"line":30,"column":29},"end":{"line":33,"column":5}},"line":30},"8":{"name":"(anonymous_8)","decl":{"start":{"line":32,"column":31},"end":{"line":32,"column":32}},"loc":{"start":{"line":32,"column":41},"end":{"line":32,"column":57}},"line":32},"9":{"name":"(anonymous_9)","decl":{"start":{"line":36,"column":23},"end":{"line":36,"column":24}},"loc":{"start":{"line":36,"column":47},"end":{"line":47,"column":3}},"line":36},"10":{"name":"(anonymous_10)","decl":{"start":{"line":40,"column":36},"end":{"line":40,"column":37}},"loc":{"start":{"line":40,"column":41},"end":{"line":40,"column":45}},"line":40},"11":{"name":"(anonymous_11)","decl":{"start":{"line":49,"column":23},"end":{"line":49,"column":24}},"loc":{"start":{"line":49,"column":47},"end":{"line":61,"column":3}},"line":49},"12":{"name":"(anonymous_12)","decl":{"start":{"line":51,"column":18},"end":{"line":51,"column":19}},"loc":{"start":{"line":51,"column":23},"end":{"line":58,"column":7}},"line":51}},"branchMap":{"0":{"loc":{"start":{"line":52,"column":8},"end":{"line":56,"column":9}},"type":"if","locations":[{"start":{"line":52,"column":8},"end":{"line":56,"column":9}},{"start":{},"end":{}}],"line":52}},"s":{"0":3,"1":3,"2":0,"3":0,"4":0,"5":0,"6":0,"7":0,"8":0,"9":0,"10":0,"11":0,"12":0,"13":0,"14":0,"15":0,"16":0,"17":0,"18":0,"19":0,"20":0,"21":0,"22":0,"23":0,"24":0,"25":0,"26":0,"27":0,"28":0,"29":0,"30":0},"f":{"0":0,"1":0,"2":0,"3":0,"4":0,"5":0,"6":0,"7":0,"8":0,"9":0,"10":0,"11":0,"12":0},"b":{"0":[0,0]},"_coverageSchema":"1a1c01bbd47fc00a2c39e90264f33305004495a9","hash":"3947ced3a16a73e83cddc413bccc7650f09e91a7"}
,"/Users/radiumrocketa10/Desktop/HealthyPlus/src/routes/navigator.tsx": {"path":"/Users/radiumrocketa10/Desktop/HealthyPlus/src/routes/navigator.tsx","statementMap":{"0":{"start":{"line":13,"column":14},"end":{"line":13,"column":42}},"1":{"start":{"line":14,"column":12},"end":{"line":14,"column":38}},"2":{"start":{"line":21,"column":18},"end":{"line":115,"column":1}},"3":{"start":{"line":23,"column":4},"end":{"line":51,"column":6}},"4":{"start":{"line":33,"column":38},"end":{"line":48,"column":11}},"5":{"start":{"line":35,"column":14},"end":{"line":45,"column":33}},"6":{"start":{"line":36,"column":31},"end":{"line":36,"column":54}},"7":{"start":{"line":47,"column":32},"end":{"line":47,"column":36}},"8":{"start":{"line":55,"column":4},"end":{"line":63,"column":6}},"9":{"start":{"line":66,"column":2},"end":{"line":114,"column":4}},"10":{"start":{"line":70,"column":39},"end":{"line":101,"column":11}},"11":{"start":{"line":73,"column":14},"end":{"line":97,"column":15}},"12":{"start":{"line":74,"column":16},"end":{"line":80,"column":18}},"13":{"start":{"line":81,"column":21},"end":{"line":97,"column":15}},"14":{"start":{"line":82,"column":16},"end":{"line":88,"column":18}},"15":{"start":{"line":89,"column":21},"end":{"line":97,"column":15}},"16":{"start":{"line":90,"column":16},"end":{"line":96,"column":18}},"17":{"start":{"line":109,"column":19},"end":{"line":109,"column":54}}},"fnMap":{"0":{"name":"(anonymous_0)","decl":{"start":{"line":21,"column":18},"end":{"line":21,"column":19}},"loc":{"start":{"line":21,"column":61},"end":{"line":115,"column":1}},"line":21},"1":{"name":"ClientsStackScreen","decl":{"start":{"line":22,"column":11},"end":{"line":22,"column":29}},"loc":{"start":{"line":22,"column":32},"end":{"line":52,"column":3}},"line":22},"2":{"name":"(anonymous_2)","decl":{"start":{"line":33,"column":19},"end":{"line":33,"column":20}},"loc":{"start":{"line":33,"column":38},"end":{"line":48,"column":11}},"line":33},"3":{"name":"(anonymous_3)","decl":{"start":{"line":34,"column":24},"end":{"line":34,"column":25}},"loc":{"start":{"line":35,"column":14},"end":{"line":45,"column":33}},"line":35},"4":{"name":"(anonymous_4)","decl":{"start":{"line":36,"column":25},"end":{"line":36,"column":26}},"loc":{"start":{"line":36,"column":31},"end":{"line":36,"column":54}},"line":36},"5":{"name":"(anonymous_5)","decl":{"start":{"line":47,"column":26},"end":{"line":47,"column":27}},"loc":{"start":{"line":47,"column":32},"end":{"line":47,"column":36}},"line":47},"6":{"name":"UserStackScreen","decl":{"start":{"line":54,"column":11},"end":{"line":54,"column":26}},"loc":{"start":{"line":54,"column":29},"end":{"line":64,"column":3}},"line":54},"7":{"name":"(anonymous_7)","decl":{"start":{"line":70,"column":25},"end":{"line":70,"column":26}},"loc":{"start":{"line":70,"column":39},"end":{"line":101,"column":11}},"line":70},"8":{"name":"(anonymous_8)","decl":{"start":{"line":72,"column":24},"end":{"line":72,"column":25}},"loc":{"start":{"line":72,"column":52},"end":{"line":98,"column":13}},"line":72},"9":{"name":"(anonymous_9)","decl":{"start":{"line":109,"column":13},"end":{"line":109,"column":14}},"loc":{"start":{"line":109,"column":19},"end":{"line":109,"column":54}},"line":109}},"branchMap":{"0":{"loc":{"start":{"line":68,"column":7},"end":{"line":112,"column":7}},"type":"cond-expr","locations":[{"start":{"line":69,"column":8},"end":{"line":105,"column":24}},{"start":{"line":107,"column":8},"end":{"line":111,"column":26}}],"line":68},"1":{"loc":{"start":{"line":73,"column":14},"end":{"line":97,"column":15}},"type":"if","locations":[{"start":{"line":73,"column":14},"end":{"line":97,"column":15}},{"start":{"line":81,"column":21},"end":{"line":97,"column":15}}],"line":73},"2":{"loc":{"start":{"line":76,"column":26},"end":{"line":76,"column":59}},"type":"cond-expr","locations":[{"start":{"line":76,"column":36},"end":{"line":76,"column":42}},{"start":{"line":76,"column":45},"end":{"line":76,"column":59}}],"line":76},"3":{"loc":{"start":{"line":81,"column":21},"end":{"line":97,"column":15}},"type":"if","locations":[{"start":{"line":81,"column":21},"end":{"line":97,"column":15}},{"start":{"line":89,"column":21},"end":{"line":97,"column":15}}],"line":81},"4":{"loc":{"start":{"line":84,"column":26},"end":{"line":84,"column":59}},"type":"cond-expr","locations":[{"start":{"line":84,"column":36},"end":{"line":84,"column":42}},{"start":{"line":84,"column":45},"end":{"line":84,"column":59}}],"line":84},"5":{"loc":{"start":{"line":89,"column":21},"end":{"line":97,"column":15}},"type":"if","locations":[{"start":{"line":89,"column":21},"end":{"line":97,"column":15}},{"start":{},"end":{}}],"line":89},"6":{"loc":{"start":{"line":92,"column":26},"end":{"line":92,"column":63}},"type":"cond-expr","locations":[{"start":{"line":92,"column":36},"end":{"line":92,"column":44}},{"start":{"line":92,"column":47},"end":{"line":92,"column":63}}],"line":92}},"s":{"0":1,"1":1,"2":1,"3":1,"4":0,"5":0,"6":0,"7":0,"8":0,"9":3,"10":9,"11":18,"12":6,"13":12,"14":6,"15":6,"16":6,"17":1},"f":{"0":3,"1":1,"2":0,"3":0,"4":0,"5":0,"6":0,"7":9,"8":18,"9":1},"b":{"0":[2,1],"1":[6,12],"2":[3,3],"3":[6,6],"4":[3,3],"5":[6,0],"6":[3,3]},"_coverageSchema":"1a1c01bbd47fc00a2c39e90264f33305004495a9","hash":"6695cf01105c85bfa613b083e0c4aa395ff186d0"}
}
