TN:
SF:src/components/Form/index.tsx
FN:13,(anonymous_0)
FN:22,(anonymous_1)
FN:34,(anonymous_2)
FN:40,(anonymous_3)
FN:54,(anonymous_4)
FN:71,(anonymous_5)
FN:88,(anonymous_6)
FNF:7
FNH:6
FNDA:1,(anonymous_0)
FNDA:0,(anonymous_1)
FNDA:1,(anonymous_2)
FNDA:1,(anonymous_3)
FNDA:2,(anonymous_4)
FNDA:2,(anonymous_5)
FNDA:2,(anonymous_6)
DA:10,2
DA:13,2
DA:14,1
DA:20,1
DA:22,1
DA:23,0
DA:24,0
DA:29,0
DA:31,0
DA:34,1
DA:35,1
DA:36,1
DA:37,1
DA:40,1
DA:41,1
DA:46,1
DA:55,2
DA:72,2
DA:89,2
LF:19
LH:15
BRDA:23,0,0,0
BRDA:23,0,1,0
BRDA:35,1,0,1
BRDA:35,1,1,0
BRDA:36,2,0,1
BRDA:36,2,1,0
BRDA:37,3,0,1
BRDA:37,3,1,0
BRDA:42,4,0,1
BRDA:42,4,1,0
BRF:10
BRH:4
end_of_record
TN:
SF:src/components/Form/styles.tsx
FNF:0
FNH:0
DA:3,2
LF:1
LH:1
BRF:0
BRH:0
end_of_record
TN:
SF:src/components/Home/index.tsx
FN:9,(anonymous_0)
FNF:1
FNH:1
FNDA:4,(anonymous_0)
DA:9,2
DA:10,4
LF:2
LH:2
BRF:0
BRH:0
end_of_record
TN:
SF:src/components/Home/styles.tsx
FNF:0
FNH:0
DA:3,2
LF:1
LH:1
BRF:0
BRH:0
end_of_record
TN:
SF:src/components/List/index.tsx
FN:27,(anonymous_0)
FN:30,(anonymous_1)
FN:44,(anonymous_2)
FN:48,(anonymous_3)
FN:52,(anonymous_4)
FN:63,(anonymous_5)
FN:69,(anonymous_6)
FN:77,(anonymous_7)
FN:97,(anonymous_8)
FN:99,(anonymous_9)
FNF:10
FNH:1
FNDA:2,(anonymous_0)
FNDA:0,(anonymous_1)
FNDA:0,(anonymous_2)
FNDA:0,(anonymous_3)
FNDA:0,(anonymous_4)
FNDA:0,(anonymous_5)
FNDA:0,(anonymous_6)
FNDA:0,(anonymous_7)
FNDA:0,(anonymous_8)
FNDA:0,(anonymous_9)
DA:27,2
DA:28,2
DA:30,2
DA:36,0
DA:44,2
DA:45,0
DA:48,2
DA:49,0
DA:52,2
DA:53,0
DA:64,0
DA:70,0
DA:77,2
DA:78,0
DA:86,2
DA:97,0
DA:99,0
LF:17
LH:8
BRF:0
BRH:0
end_of_record
TN:
SF:src/components/List/styles.tsx
FNF:0
FNH:0
DA:3,2
LF:1
LH:1
BRF:0
BRH:0
end_of_record
TN:
SF:src/components/Login/index.tsx
FN:10,(anonymous_0)
FN:32,(anonymous_1)
FN:40,(anonymous_2)
FN:62,(anonymous_3)
FN:79,(anonymous_4)
FNF:5
FNH:5
FNDA:1,(anonymous_0)
FNDA:6,(anonymous_1)
FNDA:7,(anonymous_2)
FNDA:22,(anonymous_3)
FNDA:22,(anonymous_4)
DA:10,3
DA:11,1
DA:12,1
DA:13,1
DA:27,3
DA:32,3
DA:33,6
DA:40,6
DA:41,7
DA:42,2
DA:44,5
DA:45,2
DA:47,3
DA:48,2
DA:50,1
DA:51,1
DA:54,6
DA:63,22
DA:80,22
LF:19
LH:19
BRDA:41,0,0,2
BRDA:41,0,1,5
BRDA:41,1,0,7
BRDA:41,1,1,4
BRDA:44,2,0,2
BRDA:44,2,1,3
BRDA:47,3,0,2
BRDA:47,3,1,1
BRF:8
BRH:8
end_of_record
TN:
SF:src/components/Login/styles.tsx
FNF:0
FNH:0
DA:3,3
LF:1
LH:1
BRF:0
BRH:0
end_of_record
TN:
SF:src/components/Shared/Button/index.tsx
FN:11,(anonymous_0)
FNF:1
FNH:1
FNDA:7,(anonymous_0)
DA:11,4
DA:12,7
LF:2
LH:2
BRF:0
BRH:0
end_of_record
TN:
SF:src/components/Shared/Button/styles.tsx
FNF:0
FNH:0
DA:3,4
LF:1
LH:1
BRF:0
BRH:0
end_of_record
TN:
SF:src/components/Shared/Input/index.tsx
FN:15,(anonymous_0)
FNF:1
FNH:1
FNDA:45,(anonymous_0)
DA:15,4
DA:16,45
LF:2
LH:2
BRF:0
BRH:0
end_of_record
TN:
SF:src/components/Shared/Input/styles.tsx
FNF:0
FNH:0
DA:3,4
LF:1
LH:1
BRF:0
BRH:0
end_of_record
TN:
SF:src/components/User/index.tsx
FN:6,(anonymous_0)
FN:14,(anonymous_1)
FN:22,(anonymous_2)
FN:31,(anonymous_3)
FNF:4
FNH:0
FNDA:0,(anonymous_0)
FNDA:0,(anonymous_1)
FNDA:0,(anonymous_2)
FNDA:0,(anonymous_3)
DA:6,1
DA:7,0
DA:9,0
DA:15,0
DA:23,0
DA:24,0
LF:6
LH:1
BRF:0
BRH:0
end_of_record
TN:
SF:src/components/User/styles.tsx
FNF:0
FNH:0
DA:3,1
LF:1
LH:1
BRF:0
BRH:0
end_of_record
TN:
SF:src/context/index.tsx
FN:8,(anonymous_0)
FN:12,(anonymous_1)
FN:15,(anonymous_2)
FN:16,(anonymous_3)
FN:20,(anonymous_4)
FN:25,(anonymous_5)
FN:29,(anonymous_6)
FN:30,(anonymous_7)
FN:32,(anonymous_8)
FN:36,(anonymous_9)
FN:40,(anonymous_10)
FN:49,(anonymous_11)
FN:51,(anonymous_12)
FNF:13
FNH:0
FNDA:0,(anonymous_0)
FNDA:0,(anonymous_1)
FNDA:0,(anonymous_2)
FNDA:0,(anonymous_3)
FNDA:0,(anonymous_4)
FNDA:0,(anonymous_5)
FNDA:0,(anonymous_6)
FNDA:0,(anonymous_7)
FNDA:0,(anonymous_8)
FNDA:0,(anonymous_9)
FNDA:0,(anonymous_10)
FNDA:0,(anonymous_11)
FNDA:0,(anonymous_12)
DA:6,3
DA:8,3
DA:9,0
DA:10,0
DA:12,0
DA:13,0
DA:14,0
DA:15,0
DA:17,0
DA:18,0
DA:21,0
DA:25,0
DA:26,0
DA:29,0
DA:30,0
DA:31,0
DA:32,0
DA:36,0
DA:37,0
DA:40,0
DA:46,0
DA:49,0
DA:50,0
DA:52,0
DA:53,0
DA:54,0
DA:55,0
DA:57,0
DA:60,0
DA:63,0
LF:30
LH:2
BRDA:52,0,0,0
BRDA:52,0,1,0
BRF:2
BRH:0
end_of_record
TN:
SF:src/routes/navigator.tsx
FN:21,(anonymous_0)
FN:22,ClientsStackScreen
FN:33,(anonymous_2)
FN:34,(anonymous_3)
FN:36,(anonymous_4)
FN:47,(anonymous_5)
FN:54,UserStackScreen
FN:70,(anonymous_7)
FN:72,(anonymous_8)
FN:109,(anonymous_9)
FNF:10
FNH:5
FNDA:3,(anonymous_0)
FNDA:1,ClientsStackScreen
FNDA:0,(anonymous_2)
FNDA:0,(anonymous_3)
FNDA:0,(anonymous_4)
FNDA:0,(anonymous_5)
FNDA:0,UserStackScreen
FNDA:9,(anonymous_7)
FNDA:18,(anonymous_8)
FNDA:1,(anonymous_9)
DA:13,1
DA:14,1
DA:21,1
DA:23,1
DA:33,0
DA:35,0
DA:36,0
DA:47,0
DA:55,0
DA:66,3
DA:70,9
DA:73,18
DA:74,6
DA:81,12
DA:82,6
DA:89,6
DA:90,6
DA:109,1
LF:18
LH:13
BRDA:68,0,0,2
BRDA:68,0,1,1
BRDA:73,1,0,6
BRDA:73,1,1,12
BRDA:76,2,0,3
BRDA:76,2,1,3
BRDA:81,3,0,6
BRDA:81,3,1,6
BRDA:84,4,0,3
BRDA:84,4,1,3
BRDA:89,5,0,6
BRDA:89,5,1,0
BRDA:92,6,0,3
BRDA:92,6,1,3
BRF:14
BRH:13
end_of_record
